Using pre-set license
Built from '2021.3/staging' branch; Version is '2021.3.24f1 (cf10dcf7010d) revision 13570268'; Using compiler version '192829333'; Build Type 'Release'
OS: 'Windows 11  (10.0.22621) 64bit Core' Language: 'en' Physical Memory: 16004 MB
BatchMode: 1, IsHumanControllingUs: 0, StartBugReporterOnCrash: 0, Is64bit: 1, IsPro: 1

COMMAND LINE ARGUMENTS:
C:\Program Files\Unity\Hub\Editor\2021.3.24f1\Editor\Unity.exe
-adb2
-batchMode
-noUpm
-name
AssetImportWorker4
-projectPath
C:/Users/hatla/Documents/HATlab-BodyTracking/BodyTracking-App-HATlab/BodyTracking-App-Hatlab
-logFile
Logs/AssetImportWorker4.log
-srvPort
56486
Successfully changed project path to: C:/Users/hatla/Documents/HATlab-BodyTracking/BodyTracking-App-HATlab/BodyTracking-App-Hatlab
C:/Users/hatla/Documents/HATlab-BodyTracking/BodyTracking-App-HATlab/BodyTracking-App-Hatlab
[UnityMemory] Configuration Parameters - Can be set up in boot.config
    "memorysetup-bucket-allocator-granularity=16"
    "memorysetup-bucket-allocator-bucket-count=8"
    "memorysetup-bucket-allocator-block-size=33554432"
    "memorysetup-bucket-allocator-block-count=8"
    "memorysetup-main-allocator-block-size=16777216"
    "memorysetup-thread-allocator-block-size=16777216"
    "memorysetup-gfx-main-allocator-block-size=16777216"
    "memorysetup-gfx-thread-allocator-block-size=16777216"
    "memorysetup-cache-allocator-block-size=4194304"
    "memorysetup-typetree-allocator-block-size=2097152"
    "memorysetup-profiler-bucket-allocator-granularity=16"
    "memorysetup-profiler-bucket-allocator-bucket-count=8"
    "memorysetup-profiler-bucket-allocator-block-size=33554432"
    "memorysetup-profiler-bucket-allocator-block-count=8"
    "memorysetup-profiler-allocator-block-size=16777216"
    "memorysetup-profiler-editor-allocator-block-size=1048576"
    "memorysetup-temp-allocator-size-main=16777216"
    "memorysetup-job-temp-allocator-block-size=2097152"
    "memorysetup-job-temp-allocator-block-size-background=1048576"
    "memorysetup-job-temp-allocator-reduction-small-platforms=262144"
    "memorysetup-temp-allocator-size-background-worker=32768"
    "memorysetup-temp-allocator-size-job-worker=262144"
    "memorysetup-temp-allocator-size-preload-manager=33554432"
    "memorysetup-temp-allocator-size-nav-mesh-worker=65536"
    "memorysetup-temp-allocator-size-audio-worker=65536"
    "memorysetup-temp-allocator-size-cloud-worker=32768"
    "memorysetup-temp-allocator-size-gi-baking-worker=262144"
    "memorysetup-temp-allocator-size-gfx=262144"
Player connection [8004] Host "[IP] 206.87.169.186 [Port] 0 [Flags] 2 [Guid] 1512625257 [EditorId] 1512625257 [Version] 1048832 [Id] WindowsEditor(7,HATlaptop05) [Debug] 1 [PackageName] WindowsEditor [ProjectName] Editor" joined multi-casting on [225.0.0.222:54997]...

Player connection [8004] Host "[IP] 206.87.169.186 [Port] 0 [Flags] 2 [Guid] 1512625257 [EditorId] 1512625257 [Version] 1048832 [Id] WindowsEditor(7,HATlaptop05) [Debug] 1 [PackageName] WindowsEditor [ProjectName] Editor" joined alternative multi-casting on [225.0.0.222:34997]...

Refreshing native plugins compatible for Editor in 83.16 ms, found 15 plugins.
Preloading 0 native plugins for Editor in 0.00 ms.
Initialize engine version: 2021.3.24f1 (cf10dcf7010d)
[Subsystems] Discovering subsystems at path C:/Program Files/Unity/Hub/Editor/2021.3.24f1/Editor/Data/Resources/UnitySubsystems
[Subsystems] Discovering subsystems at path C:/Users/hatla/Documents/HATlab-BodyTracking/BodyTracking-App-HATlab/BodyTracking-App-Hatlab/Assets
GfxDevice: creating device client; threaded=0; jobified=0
Direct3D:
    Version:  Direct3D 11.0 [level 11.1]
    Renderer: NVIDIA GeForce RTX 3060 Laptop GPU (ID=0x2520)
    Vendor:   NVIDIA
    VRAM:     6009 MB
    Driver:   31.0.15.3114
Initialize mono
Mono path[0] = 'C:/Program Files/Unity/Hub/Editor/2021.3.24f1/Editor/Data/Managed'
Mono path[1] = 'C:/Program Files/Unity/Hub/Editor/2021.3.24f1/Editor/Data/MonoBleedingEdge/lib/mono/unityjit-win32'
Mono config path = 'C:/Program Files/Unity/Hub/Editor/2021.3.24f1/Editor/Data/MonoBleedingEdge/etc'
Using monoOptions --debugger-agent=transport=dt_socket,embedding=1,server=y,suspend=n,address=127.0.0.1:56436
Begin MonoManager ReloadAssembly
Registering precompiled unity dll's ...
Register platform support module: C:/Program Files/Unity/Hub/Editor/2021.3.24f1/Editor/Data/PlaybackEngines/WebGLSupport/UnityEditor.WebGL.Extensions.dll
Register platform support module: C:/Program Files/Unity/Hub/Editor/2021.3.24f1/Editor/Data/PlaybackEngines/AndroidPlayer/UnityEditor.Android.Extensions.dll
Register platform support module: C:/Program Files/Unity/Hub/Editor/2021.3.24f1/Editor/Data/PlaybackEngines/WindowsStandaloneSupport/UnityEditor.WindowsStandalone.Extensions.dll
Register platform support module: C:/Program Files/Unity/Hub/Editor/2021.3.24f1/Editor/Data/PlaybackEngines/MetroSupport/UnityEditor.UWP.Extensions.dll
Registered in 0.006107 seconds.
Native extension for UWP target not found
Native extension for WindowsStandalone target not found
Native extension for Android target not found
Android Extension - Scanning For ADB Devices 261 ms
Native extension for WebGL target not found
Refreshing native plugins compatible for Editor in 67.63 ms, found 15 plugins.
Preloading 0 native plugins for Editor in 0.00 ms.
Mono: successfully reloaded assembly
- Completed reload, in  0.737 seconds
Domain Reload Profiling:
	ReloadAssembly (737ms)
		BeginReloadAssembly (60ms)
			ExecutionOrderSort (0ms)
			DisableScriptedObjects (0ms)
			BackupInstance (0ms)
			ReleaseScriptingObjects (0ms)
			CreateAndSetChildDomain (0ms)
		EndReloadAssembly (608ms)
			LoadAssemblies (60ms)
			RebuildTransferFunctionScriptingTraits (0ms)
			SetupTypeCache (72ms)
			ReleaseScriptCaches (0ms)
			RebuildScriptCaches (19ms)
			SetupLoadedEditorAssemblies (476ms)
				LogAssemblyErrors (0ms)
				InitializePlatformSupportModulesInManaged (322ms)
				SetLoadedEditorAssemblies (0ms)
				RefreshPlugins (68ms)
				BeforeProcessingInitializeOnLoad (1ms)
				ProcessInitializeOnLoadAttributes (57ms)
				ProcessInitializeOnLoadMethodAttributes (28ms)
				AfterProcessingInitializeOnLoad (0ms)
				EditorAssembliesLoaded (0ms)
			ExecutionOrderSort2 (0ms)
			AwakeInstancesAfterBackupRestoration (0ms)
Platform modules already initialized, skipping
Registering precompiled user dll's ...
Registered in 0.011269 seconds.
Begin MonoManager ReloadAssembly
Symbol file LoadedFromMemory doesn't match image C:\Users\hatla\Documents\HATlab-BodyTracking\BodyTracking-App-HATlab\BodyTracking-App-Hatlab\Library\PackageCache\com.unity.visualscripting@1.8.0\Editor\VisualScripting.Core\Dependencies\DotNetZip\Unity.VisualScripting.IonicZip.dll
Symbol file LoadedFromMemory doesn't match image C:\Users\hatla\Documents\HATlab-BodyTracking\BodyTracking-App-HATlab\BodyTracking-App-Hatlab\Library\PackageCache\com.unity.visualscripting@1.8.0\Editor\VisualScripting.Core\Dependencies\YamlDotNet\Unity.VisualScripting.YamlDotNet.dll
Native extension for UWP target not found
Native extension for WindowsStandalone target not found
Native extension for Android target not found
Native extension for WebGL target not found
Refreshing native plugins compatible for Editor in 69.97 ms, found 15 plugins.
Preloading 0 native plugins for Editor in 0.00 ms.
Package Manager log level set to [2]
[XR] Error loading subsystem: Display (1) (header mismatch?)
[XR] [MROpenXR][Info   ][09:27:36.398585][tid:1f44] OnPluginStarted UnityVersion=2021.3.24f1 OpenXRPluginVersion=1.8.2 MROpenXRPluginVersion=1.9.0.0 PartA_PrivTags=33554432
[XR] [MROpenXR][Info   ][09:27:36.398585][tid:1f44] OnPluginStarted UnityVersion=2021.3.24f1 OpenXRPluginVersion=1.8.2 MROpenXRPluginVersion=1.9.0.0 PartA_PrivTags=33554432
Mono: successfully reloaded assembly
- Completed reload, in  1.137 seconds
Domain Reload Profiling:
	ReloadAssembly (1138ms)
		BeginReloadAssembly (87ms)
			ExecutionOrderSort (0ms)
			DisableScriptedObjects (4ms)
			BackupInstance (0ms)
			ReleaseScriptingObjects (0ms)
			CreateAndSetChildDomain (15ms)
		EndReloadAssembly (970ms)
			LoadAssemblies (83ms)
			RebuildTransferFunctionScriptingTraits (0ms)
			SetupTypeCache (211ms)
			ReleaseScriptCaches (1ms)
			RebuildScriptCaches (55ms)
			SetupLoadedEditorAssemblies (579ms)
				LogAssemblyErrors (0ms)
				InitializePlatformSupportModulesInManaged (14ms)
				SetLoadedEditorAssemblies (0ms)
				RefreshPlugins (70ms)
				BeforeProcessingInitializeOnLoad (96ms)
				ProcessInitializeOnLoadAttributes (334ms)
				ProcessInitializeOnLoadMethodAttributes (60ms)
				AfterProcessingInitializeOnLoad (6ms)
				EditorAssembliesLoaded (0ms)
			ExecutionOrderSort2 (0ms)
			AwakeInstancesAfterBackupRestoration (4ms)
Platform modules already initialized, skipping
========================================================================
Worker process is ready to serve import requests
Launched and connected shader compiler UnityShaderCompiler.exe after 0.04 seconds
Refreshing native plugins compatible for Editor in 0.81 ms, found 15 plugins.
Preloading 0 native plugins for Editor in 0.00 ms.
Unloading 5309 Unused Serialized files (Serialized files now loaded: 0)
Unloading 60 unused Assets / (116.5 KB). Loaded Objects now: 5803.
Memory consumption went from 186.7 MB to 186.6 MB.
Total: 3.845000 ms (FindLiveObjects: 0.284000 ms CreateObjectMapping: 0.202200 ms MarkObjects: 3.264100 ms  DeleteObjects: 0.093900 ms)

AssetImportParameters requested are different than current active one (requested -> active):
  custom:video-decoder-ogg-theora: a1e56fd34408186e4bbccfd4996cb3dc -> 
  custom:container-muxer-webm: aa71ff27fc2769a1b78a27578f13a17b -> 
  custom:container-demuxer-webm: 4f35f7cbe854078d1ac9338744f61a02 -> 
  custom:video-encoder-webm-vp8: eb34c28f22e8b96e1ab97ce403110664 -> 
  custom:video-codec-MediaFoundation-h265: 746d11721c4dcdbdad8f713fa42b33f4 -> 
  custom:audio-encoder-webm-vorbis: bf7c407c2cedff20999df2af8eb42d56 -> 
  custom:framework-win-MediaFoundation: 216162199b28c13a410421893ffa2e32 -> 
  custom:container-demuxer-ogg: 62fdf1f143b41e24485cea50d1cbac27 -> 
  custom:video-decoder-webm-vp8: 9c59270c3fd7afecdb556c50c9e8de78 -> 
  custom:audio-decoder-ogg-vorbis: bf7c407c2cedff20999df2af8eb42d56 -> 
========================================================================
Received Import Request.
  Time since last request: 198396.139946 seconds.
  path: Assets/Scripts/TCP/TCPServer.cs
  artifactKey: Guid(b40f898f4ce966d4bb77fadf8bcfff2f) Importer(815301076,1909f56bfc062723c751e8b465ee728b)
Start importing Assets/Scripts/TCP/TCPServer.cs using Guid(b40f898f4ce966d4bb77fadf8bcfff2f) Importer(815301076,1909f56bfc062723c751e8b465ee728b)  -> (artifact id: '0d65d95cdc51c90c89cbc18ae927bc0f') in 0.163376 seconds 
========================================================================
Received Prepare
Registering precompiled user dll's ...
Registered in 0.023898 seconds.
Begin MonoManager ReloadAssembly
Symbol file LoadedFromMemory doesn't match image C:\Users\hatla\Documents\HATlab-BodyTracking\BodyTracking-App-HATlab\BodyTracking-App-Hatlab\Library\PackageCache\com.unity.visualscripting@1.8.0\Editor\VisualScripting.Core\Dependencies\DotNetZip\Unity.VisualScripting.IonicZip.dll
Symbol file LoadedFromMemory doesn't match image C:\Users\hatla\Documents\HATlab-BodyTracking\BodyTracking-App-HATlab\BodyTracking-App-Hatlab\Library\PackageCache\com.unity.visualscripting@1.8.0\Editor\VisualScripting.Core\Dependencies\YamlDotNet\Unity.VisualScripting.YamlDotNet.dll
Native extension for UWP target not found
Native extension for WindowsStandalone target not found
Native extension for Android target not found
Native extension for WebGL target not found
Refreshing native plugins compatible for Editor in 0.79 ms, found 15 plugins.
Preloading 0 native plugins for Editor in 0.00 ms.
Mono: successfully reloaded assembly
- Completed reload, in  1.408 seconds
Domain Reload Profiling:
	ReloadAssembly (1409ms)
		BeginReloadAssembly (238ms)
			ExecutionOrderSort (0ms)
			DisableScriptedObjects (7ms)
			BackupInstance (0ms)
			ReleaseScriptingObjects (0ms)
			CreateAndSetChildDomain (57ms)
		EndReloadAssembly (1012ms)
			LoadAssemblies (197ms)
			RebuildTransferFunctionScriptingTraits (0ms)
			SetupTypeCache (411ms)
			ReleaseScriptCaches (1ms)
			RebuildScriptCaches (30ms)
			SetupLoadedEditorAssemblies (347ms)
				LogAssemblyErrors (0ms)
				InitializePlatformSupportModulesInManaged (16ms)
				SetLoadedEditorAssemblies (0ms)
				RefreshPlugins (1ms)
				BeforeProcessingInitializeOnLoad (71ms)
				ProcessInitializeOnLoadAttributes (220ms)
				ProcessInitializeOnLoadMethodAttributes (34ms)
				AfterProcessingInitializeOnLoad (6ms)
				EditorAssembliesLoaded (0ms)
			ExecutionOrderSort2 (0ms)
			AwakeInstancesAfterBackupRestoration (7ms)
Platform modules already initialized, skipping
Refreshing native plugins compatible for Editor in 5.44 ms, found 15 plugins.
Preloading 0 native plugins for Editor in 0.00 ms.
Unloading 5257 Unused Serialized files (Serialized files now loaded: 0)
Unloading 50 unused Assets / (80.8 KB). Loaded Objects now: 5807.
Memory consumption went from 183.0 MB to 182.9 MB.
Total: 3.240500 ms (FindLiveObjects: 0.261200 ms CreateObjectMapping: 0.171500 ms MarkObjects: 2.722400 ms  DeleteObjects: 0.084400 ms)

AssetImportParameters requested are different than current active one (requested -> active):
  custom:video-decoder-ogg-theora: a1e56fd34408186e4bbccfd4996cb3dc -> 
  custom:container-muxer-webm: aa71ff27fc2769a1b78a27578f13a17b -> 
  custom:container-demuxer-webm: 4f35f7cbe854078d1ac9338744f61a02 -> 
  custom:video-encoder-webm-vp8: eb34c28f22e8b96e1ab97ce403110664 -> 
  custom:video-codec-MediaFoundation-h265: 746d11721c4dcdbdad8f713fa42b33f4 -> 
  custom:audio-encoder-webm-vorbis: bf7c407c2cedff20999df2af8eb42d56 -> 
  custom:framework-win-MediaFoundation: 216162199b28c13a410421893ffa2e32 -> 
  custom:container-demuxer-ogg: 62fdf1f143b41e24485cea50d1cbac27 -> 
  custom:video-decoder-webm-vp8: 9c59270c3fd7afecdb556c50c9e8de78 -> 
  custom:audio-decoder-ogg-vorbis: bf7c407c2cedff20999df2af8eb42d56 -> 
========================================================================
Received Import Request.
  Time since last request: 8.941536 seconds.
  path: Assets/Scripts/TCP/TCPServer.cs
  artifactKey: Guid(b40f898f4ce966d4bb77fadf8bcfff2f) Importer(815301076,1909f56bfc062723c751e8b465ee728b)
Start importing Assets/Scripts/TCP/TCPServer.cs using Guid(b40f898f4ce966d4bb77fadf8bcfff2f) Importer(815301076,1909f56bfc062723c751e8b465ee728b)  -> (artifact id: '3962417321cc6ff2727a0f709f586b32') in 0.008369 seconds 
========================================================================
Received Import Request.
  Time since last request: 378.670997 seconds.
  path: Assets/Scripts/TCP/TCPServer.cs
  artifactKey: Guid(b40f898f4ce966d4bb77fadf8bcfff2f) Importer(815301076,1909f56bfc062723c751e8b465ee728b)
Start importing Assets/Scripts/TCP/TCPServer.cs using Guid(b40f898f4ce966d4bb77fadf8bcfff2f) Importer(815301076,1909f56bfc062723c751e8b465ee728b)  -> (artifact id: '03ea445f373f17114d5bdd55a5514601') in 0.010351 seconds 
========================================================================
Received Prepare
Registering precompiled user dll's ...
Registered in 0.023895 seconds.
Begin MonoManager ReloadAssembly
Symbol file LoadedFromMemory doesn't match image C:\Users\hatla\Documents\HATlab-BodyTracking\BodyTracking-App-HATlab\BodyTracking-App-Hatlab\Library\PackageCache\com.unity.visualscripting@1.8.0\Editor\VisualScripting.Core\Dependencies\DotNetZip\Unity.VisualScripting.IonicZip.dll
Symbol file LoadedFromMemory doesn't match image C:\Users\hatla\Documents\HATlab-BodyTracking\BodyTracking-App-HATlab\BodyTracking-App-Hatlab\Library\PackageCache\com.unity.visualscripting@1.8.0\Editor\VisualScripting.Core\Dependencies\YamlDotNet\Unity.VisualScripting.YamlDotNet.dll
Native extension for UWP target not found
Native extension for WindowsStandalone target not found
Native extension for Android target not found
Native extension for WebGL target not found
Refreshing native plugins compatible for Editor in 0.84 ms, found 15 plugins.
Preloading 0 native plugins for Editor in 0.00 ms.
Mono: successfully reloaded assembly
- Completed reload, in  0.905 seconds
Domain Reload Profiling:
	ReloadAssembly (906ms)
		BeginReloadAssembly (116ms)
			ExecutionOrderSort (0ms)
			DisableScriptedObjects (3ms)
			BackupInstance (0ms)
			ReleaseScriptingObjects (0ms)
			CreateAndSetChildDomain (32ms)
		EndReloadAssembly (722ms)
			LoadAssemblies (84ms)
			RebuildTransferFunctionScriptingTraits (0ms)
			SetupTypeCache (196ms)
			ReleaseScriptCaches (1ms)
			RebuildScriptCaches (29ms)
			SetupLoadedEditorAssemblies (341ms)
				LogAssemblyErrors (0ms)
				InitializePlatformSupportModulesInManaged (19ms)
				SetLoadedEditorAssemblies (0ms)
				RefreshPlugins (1ms)
				BeforeProcessingInitializeOnLoad (65ms)
				ProcessInitializeOnLoadAttributes (218ms)
				ProcessInitializeOnLoadMethodAttributes (31ms)
				AfterProcessingInitializeOnLoad (6ms)
				EditorAssembliesLoaded (0ms)
			ExecutionOrderSort2 (0ms)
			AwakeInstancesAfterBackupRestoration (7ms)
Platform modules already initialized, skipping
Refreshing native plugins compatible for Editor in 6.07 ms, found 15 plugins.
Preloading 0 native plugins for Editor in 0.00 ms.
Unloading 5257 Unused Serialized files (Serialized files now loaded: 0)
Unloading 50 unused Assets / (80.8 KB). Loaded Objects now: 5811.
Memory consumption went from 183.0 MB to 182.9 MB.
Total: 2.863200 ms (FindLiveObjects: 0.260400 ms CreateObjectMapping: 0.175200 ms MarkObjects: 2.347300 ms  DeleteObjects: 0.079600 ms)

AssetImportParameters requested are different than current active one (requested -> active):
  custom:video-decoder-ogg-theora: a1e56fd34408186e4bbccfd4996cb3dc -> 
  custom:container-muxer-webm: aa71ff27fc2769a1b78a27578f13a17b -> 
  custom:container-demuxer-webm: 4f35f7cbe854078d1ac9338744f61a02 -> 
  custom:video-encoder-webm-vp8: eb34c28f22e8b96e1ab97ce403110664 -> 
  custom:video-codec-MediaFoundation-h265: 746d11721c4dcdbdad8f713fa42b33f4 -> 
  custom:audio-encoder-webm-vorbis: bf7c407c2cedff20999df2af8eb42d56 -> 
  custom:framework-win-MediaFoundation: 216162199b28c13a410421893ffa2e32 -> 
  custom:container-demuxer-ogg: 62fdf1f143b41e24485cea50d1cbac27 -> 
  custom:video-decoder-webm-vp8: 9c59270c3fd7afecdb556c50c9e8de78 -> 
  custom:audio-decoder-ogg-vorbis: bf7c407c2cedff20999df2af8eb42d56 -> 
========================================================================
Received Import Request.
  Time since last request: 321.378147 seconds.
  path: Assets/Scripts/TCP/TCPServer.cs
  artifactKey: Guid(b40f898f4ce966d4bb77fadf8bcfff2f) Importer(815301076,1909f56bfc062723c751e8b465ee728b)
Start importing Assets/Scripts/TCP/TCPServer.cs using Guid(b40f898f4ce966d4bb77fadf8bcfff2f) Importer(815301076,1909f56bfc062723c751e8b465ee728b)  -> (artifact id: 'e57c7962fc9ed04ae882ebe846f945b3') in 0.016343 seconds 
========================================================================
Received Import Request.
  Time since last request: 133.979383 seconds.
  path: Assets/Scripts/TCP/TCPServer.cs
  artifactKey: Guid(b40f898f4ce966d4bb77fadf8bcfff2f) Importer(815301076,1909f56bfc062723c751e8b465ee728b)
Start importing Assets/Scripts/TCP/TCPServer.cs using Guid(b40f898f4ce966d4bb77fadf8bcfff2f) Importer(815301076,1909f56bfc062723c751e8b465ee728b)  -> (artifact id: '3803b08b5e02f9ae77c7d35b7e1a2668') in 0.016516 seconds 
========================================================================
Received Import Request.
  Time since last request: 216.618559 seconds.
  path: Assets/Scripts/TCP/TCPServer.cs
  artifactKey: Guid(b40f898f4ce966d4bb77fadf8bcfff2f) Importer(815301076,1909f56bfc062723c751e8b465ee728b)
Start importing Assets/Scripts/TCP/TCPServer.cs using Guid(b40f898f4ce966d4bb77fadf8bcfff2f) Importer(815301076,1909f56bfc062723c751e8b465ee728b)  -> (artifact id: '6689f6809aee5185bcf8bcc58c1102c6') in 0.004392 seconds 
========================================================================
Received Import Request.
  Time since last request: 1246.198340 seconds.
  path: Assets/Scripts/TCP/TCPServer.cs
  artifactKey: Guid(b40f898f4ce966d4bb77fadf8bcfff2f) Importer(815301076,1909f56bfc062723c751e8b465ee728b)
Start importing Assets/Scripts/TCP/TCPServer.cs using Guid(b40f898f4ce966d4bb77fadf8bcfff2f) Importer(815301076,1909f56bfc062723c751e8b465ee728b)  -> (artifact id: 'ed1d8a0b074b23f6828f99b61e61e0a0') in 0.014762 seconds 
========================================================================
Received Import Request.
  Time since last request: 23.850313 seconds.
  path: Assets/Scripts/TCP/TCPServer.cs
  artifactKey: Guid(b40f898f4ce966d4bb77fadf8bcfff2f) Importer(815301076,1909f56bfc062723c751e8b465ee728b)
Start importing Assets/Scripts/TCP/TCPServer.cs using Guid(b40f898f4ce966d4bb77fadf8bcfff2f) Importer(815301076,1909f56bfc062723c751e8b465ee728b)  -> (artifact id: '1d763f3fe4d5dd95d3b02dd80fab8ee2') in 0.016389 seconds 
========================================================================
Received Import Request.
  Time since last request: 713.524010 seconds.
  path: Assets/Scripts/TCP/TCPServer.cs
  artifactKey: Guid(b40f898f4ce966d4bb77fadf8bcfff2f) Importer(815301076,1909f56bfc062723c751e8b465ee728b)
Start importing Assets/Scripts/TCP/TCPServer.cs using Guid(b40f898f4ce966d4bb77fadf8bcfff2f) Importer(815301076,1909f56bfc062723c751e8b465ee728b)  -> (artifact id: '1eb0d37cc576b093b701b02b84ffb1af') in 0.009962 seconds 
========================================================================
Received Import Request.
  Time since last request: 2016.642926 seconds.
  path: Assets/Scripts/TCP/TCPServer.cs
  artifactKey: Guid(b40f898f4ce966d4bb77fadf8bcfff2f) Importer(815301076,1909f56bfc062723c751e8b465ee728b)
Start importing Assets/Scripts/TCP/TCPServer.cs using Guid(b40f898f4ce966d4bb77fadf8bcfff2f) Importer(815301076,1909f56bfc062723c751e8b465ee728b)  -> (artifact id: '54764e603f8b85cefba75eac7a854e7f') in 0.035554 seconds 
========================================================================
Received Import Request.
  Time since last request: 1335.972389 seconds.
  path: Assets/Scripts/TCP/TCPServer.cs
  artifactKey: Guid(b40f898f4ce966d4bb77fadf8bcfff2f) Importer(815301076,1909f56bfc062723c751e8b465ee728b)
Start importing Assets/Scripts/TCP/TCPServer.cs using Guid(b40f898f4ce966d4bb77fadf8bcfff2f) Importer(815301076,1909f56bfc062723c751e8b465ee728b)  -> (artifact id: '90913cc4dab02ae0c4c16b611042db83') in 0.019030 seconds 
========================================================================
Received Import Request.
  Time since last request: 176.618356 seconds.
  path: Assets/Scripts/TCP/TCPServer.cs
  artifactKey: Guid(b40f898f4ce966d4bb77fadf8bcfff2f) Importer(815301076,1909f56bfc062723c751e8b465ee728b)
Start importing Assets/Scripts/TCP/TCPServer.cs using Guid(b40f898f4ce966d4bb77fadf8bcfff2f) Importer(815301076,1909f56bfc062723c751e8b465ee728b)  -> (artifact id: '9697892a3d91ee694ef4d79fd4f09a4b') in 0.008158 seconds 
========================================================================
Received Import Request.
  Time since last request: 484.221808 seconds.
  path: Assets/Scripts/TCP/TCPServer.cs
  artifactKey: Guid(b40f898f4ce966d4bb77fadf8bcfff2f) Importer(815301076,1909f56bfc062723c751e8b465ee728b)
Start importing Assets/Scripts/TCP/TCPServer.cs using Guid(b40f898f4ce966d4bb77fadf8bcfff2f) Importer(815301076,1909f56bfc062723c751e8b465ee728b)  -> (artifact id: '44c4eed6354ab551e4109c749ebb20a8') in 0.007072 seconds 
========================================================================
Received Import Request.
  Time since last request: 191.440095 seconds.
  path: Assets/Scripts/TCP/TCPServer.cs
  artifactKey: Guid(b40f898f4ce966d4bb77fadf8bcfff2f) Importer(815301076,1909f56bfc062723c751e8b465ee728b)
Start importing Assets/Scripts/TCP/TCPServer.cs using Guid(b40f898f4ce966d4bb77fadf8bcfff2f) Importer(815301076,1909f56bfc062723c751e8b465ee728b)  -> (artifact id: '539183ec43c5ea7eb210868c4d6f194a') in 0.010117 seconds 
========================================================================
Received Import Request.
  Time since last request: 91.489221 seconds.
  path: Assets/Scripts/TCP/TCPServer.cs
  artifactKey: Guid(b40f898f4ce966d4bb77fadf8bcfff2f) Importer(815301076,1909f56bfc062723c751e8b465ee728b)
Start importing Assets/Scripts/TCP/TCPServer.cs using Guid(b40f898f4ce966d4bb77fadf8bcfff2f) Importer(815301076,1909f56bfc062723c751e8b465ee728b)  -> (artifact id: 'c16a7f3e26a83b19c0cf1c20a6963432') in 0.007901 seconds 
========================================================================
Received Import Request.
  Time since last request: 67.755719 seconds.
  path: Assets/Scripts/TCP/TCPServer.cs
  artifactKey: Guid(b40f898f4ce966d4bb77fadf8bcfff2f) Importer(815301076,1909f56bfc062723c751e8b465ee728b)
Start importing Assets/Scripts/TCP/TCPServer.cs using Guid(b40f898f4ce966d4bb77fadf8bcfff2f) Importer(815301076,1909f56bfc062723c751e8b465ee728b)  -> (artifact id: '20c6a55beb707c0acf9aaf8902209f86') in 0.011661 seconds 
========================================================================
Received Import Request.
  Time since last request: 10.962073 seconds.
  path: Assets/Scripts/TCP/TCPServer.cs
  artifactKey: Guid(b40f898f4ce966d4bb77fadf8bcfff2f) Importer(815301076,1909f56bfc062723c751e8b465ee728b)
Start importing Assets/Scripts/TCP/TCPServer.cs using Guid(b40f898f4ce966d4bb77fadf8bcfff2f) Importer(815301076,1909f56bfc062723c751e8b465ee728b)  -> (artifact id: '4eb866e6a0d2ed9d1768525beb767a1c') in 0.022231 seconds 
========================================================================
Received Import Request.
  Time since last request: 3335.110804 seconds.
  path: Assets/Scripts/BodyPositionManagement
  artifactKey: Guid(800e08a05bbe74247a8faf73f09cc3b6) Importer(815301076,1909f56bfc062723c751e8b465ee728b)
Start importing Assets/Scripts/BodyPositionManagement using Guid(800e08a05bbe74247a8faf73f09cc3b6) Importer(815301076,1909f56bfc062723c751e8b465ee728b)  -> (artifact id: '4b44955293eac71558a35e1e58977963') in 0.017119 seconds 
========================================================================
Received Import Request.
  Time since last request: 43.527995 seconds.
  path: Assets/Scripts/BodyPositionManagement/BodyPositionManager.cs
  artifactKey: Guid(d6c8dd28e28dbc240abc44badf02e32d) Importer(815301076,1909f56bfc062723c751e8b465ee728b)
Start importing Assets/Scripts/BodyPositionManagement/BodyPositionManager.cs using Guid(d6c8dd28e28dbc240abc44badf02e32d) Importer(815301076,1909f56bfc062723c751e8b465ee728b)  -> (artifact id: '36d9df4f6bdb2b2a3d2e8857a892d3b3') in 0.014265 seconds 
========================================================================
Received Import Request.
  Time since last request: 3932.410102 seconds.
  path: Assets/Scripts/BodyPositionManagement/BodyPositionManager.cs
  artifactKey: Guid(d6c8dd28e28dbc240abc44badf02e32d) Importer(815301076,1909f56bfc062723c751e8b465ee728b)
Start importing Assets/Scripts/BodyPositionManagement/BodyPositionManager.cs using Guid(d6c8dd28e28dbc240abc44badf02e32d) Importer(815301076,1909f56bfc062723c751e8b465ee728b)  -> (artifact id: '690e8af366e886f7a36134b6bef18b20') in 0.026295 seconds 
========================================================================
Received Import Request.
  Time since last request: 526.214374 seconds.
  path: Assets/Scripts/BodyPositionManagement/BodyPositionManager.cs
  artifactKey: Guid(d6c8dd28e28dbc240abc44badf02e32d) Importer(815301076,1909f56bfc062723c751e8b465ee728b)
Start importing Assets/Scripts/BodyPositionManagement/BodyPositionManager.cs using Guid(d6c8dd28e28dbc240abc44badf02e32d) Importer(815301076,1909f56bfc062723c751e8b465ee728b)  -> (artifact id: '6e6e373ccf01d9511442fc7377866850') in 0.012217 seconds 
========================================================================
Received Import Request.
  Time since last request: 737.643758 seconds.
  path: Assets/Scripts/BodyPositionManagement/BodyPositionManager.cs
  artifactKey: Guid(d6c8dd28e28dbc240abc44badf02e32d) Importer(815301076,1909f56bfc062723c751e8b465ee728b)
Start importing Assets/Scripts/BodyPositionManagement/BodyPositionManager.cs using Guid(d6c8dd28e28dbc240abc44badf02e32d) Importer(815301076,1909f56bfc062723c751e8b465ee728b)  -> (artifact id: '3e9022fafe458a217bf35314c15ff5ba') in 0.008877 seconds 
========================================================================
Received Import Request.
  Time since last request: 62.595739 seconds.
  path: Assets/Scripts/BodyPositionManagement/BodyPositionManager.cs
  artifactKey: Guid(d6c8dd28e28dbc240abc44badf02e32d) Importer(815301076,1909f56bfc062723c751e8b465ee728b)
Start importing Assets/Scripts/BodyPositionManagement/BodyPositionManager.cs using Guid(d6c8dd28e28dbc240abc44badf02e32d) Importer(815301076,1909f56bfc062723c751e8b465ee728b)  -> (artifact id: '1a70f777eb9a7da310e53dafa14813e4') in 0.004128 seconds 
========================================================================
Received Import Request.
  Time since last request: 114.906599 seconds.
  path: Assets/Scripts/BodyPositionManagement/BodyPositionManager.cs
  artifactKey: Guid(d6c8dd28e28dbc240abc44badf02e32d) Importer(815301076,1909f56bfc062723c751e8b465ee728b)
Start importing Assets/Scripts/BodyPositionManagement/BodyPositionManager.cs using Guid(d6c8dd28e28dbc240abc44badf02e32d) Importer(815301076,1909f56bfc062723c751e8b465ee728b)  -> (artifact id: '003a2ee8dc0298cbfa80362d31d1258b') in 0.003310 seconds 
========================================================================
Received Import Request.
  Time since last request: 500.124136 seconds.
  path: Assets/Scripts/BodyPositionManagement/BodyPositionManager.cs
  artifactKey: Guid(d6c8dd28e28dbc240abc44badf02e32d) Importer(815301076,1909f56bfc062723c751e8b465ee728b)
Start importing Assets/Scripts/BodyPositionManagement/BodyPositionManager.cs using Guid(d6c8dd28e28dbc240abc44badf02e32d) Importer(815301076,1909f56bfc062723c751e8b465ee728b)  -> (artifact id: '771cbdbfc71f39924f1fef271dbe4609') in 0.007692 seconds 
========================================================================
Received Import Request.
  Time since last request: 360.884489 seconds.
  path: Assets/Scripts/BodyPositionManagement/BodyPositionManager.cs
  artifactKey: Guid(d6c8dd28e28dbc240abc44badf02e32d) Importer(815301076,1909f56bfc062723c751e8b465ee728b)
Start importing Assets/Scripts/BodyPositionManagement/BodyPositionManager.cs using Guid(d6c8dd28e28dbc240abc44badf02e32d) Importer(815301076,1909f56bfc062723c751e8b465ee728b)  -> (artifact id: '23a6aef5d774aef49f6596e261e8f06e') in 0.010131 seconds 
========================================================================
Received Import Request.
  Time since last request: 375.083408 seconds.
  path: Assets/Scripts/BodyPositionManagement/BodyPositionManager.cs
  artifactKey: Guid(d6c8dd28e28dbc240abc44badf02e32d) Importer(815301076,1909f56bfc062723c751e8b465ee728b)
Start importing Assets/Scripts/BodyPositionManagement/BodyPositionManager.cs using Guid(d6c8dd28e28dbc240abc44badf02e32d) Importer(815301076,1909f56bfc062723c751e8b465ee728b)  -> (artifact id: 'be6abec62add270df4eccb7f86ad053e') in 0.013347 seconds 
========================================================================
Received Import Request.
  Time since last request: 125.952899 seconds.
  path: Assets/Scripts/BodyPositionManagement/BodyPositionManager.cs
  artifactKey: Guid(d6c8dd28e28dbc240abc44badf02e32d) Importer(815301076,1909f56bfc062723c751e8b465ee728b)
Start importing Assets/Scripts/BodyPositionManagement/BodyPositionManager.cs using Guid(d6c8dd28e28dbc240abc44badf02e32d) Importer(815301076,1909f56bfc062723c751e8b465ee728b)  -> (artifact id: 'a441c89a8ada45e3e4346631be1c9163') in 0.005755 seconds 
========================================================================
Received Import Request.
  Time since last request: 1153.993089 seconds.
  path: Assets/Scripts/BodyPositionManagement/BodyPositionManager.cs
  artifactKey: Guid(d6c8dd28e28dbc240abc44badf02e32d) Importer(815301076,1909f56bfc062723c751e8b465ee728b)
Start importing Assets/Scripts/BodyPositionManagement/BodyPositionManager.cs using Guid(d6c8dd28e28dbc240abc44badf02e32d) Importer(815301076,1909f56bfc062723c751e8b465ee728b)  -> (artifact id: 'c7f214d5a8208fb670a8c3c0e6f7d8c4') in 0.007828 seconds 
========================================================================
Received Import Request.
  Time since last request: 269.179721 seconds.
  path: Assets/Scripts/BodyPositionManagement/BodyPositionManager.cs
  artifactKey: Guid(d6c8dd28e28dbc240abc44badf02e32d) Importer(815301076,1909f56bfc062723c751e8b465ee728b)
Start importing Assets/Scripts/BodyPositionManagement/BodyPositionManager.cs using Guid(d6c8dd28e28dbc240abc44badf02e32d) Importer(815301076,1909f56bfc062723c751e8b465ee728b)  -> (artifact id: '8fbdf35a84f335ce87af7b082397d4b4') in 0.008202 seconds 
========================================================================
Received Prepare
Registering precompiled user dll's ...
Registered in 0.010407 seconds.
Begin MonoManager ReloadAssembly
Symbol file LoadedFromMemory doesn't match image C:\Users\hatla\Documents\HATlab-BodyTracking\BodyTracking-App-HATlab\BodyTracking-App-Hatlab\Library\PackageCache\com.unity.visualscripting@1.8.0\Editor\VisualScripting.Core\Dependencies\DotNetZip\Unity.VisualScripting.IonicZip.dll
Symbol file LoadedFromMemory doesn't match image C:\Users\hatla\Documents\HATlab-BodyTracking\BodyTracking-App-HATlab\BodyTracking-App-Hatlab\Library\PackageCache\com.unity.visualscripting@1.8.0\Editor\VisualScripting.Core\Dependencies\YamlDotNet\Unity.VisualScripting.YamlDotNet.dll
Native extension for UWP target not found
Native extension for WindowsStandalone target not found
Native extension for Android target not found
Native extension for WebGL target not found
Refreshing native plugins compatible for Editor in 0.84 ms, found 15 plugins.
Preloading 0 native plugins for Editor in 0.00 ms.
Mono: successfully reloaded assembly
- Completed reload, in  1.101 seconds
Domain Reload Profiling:
	ReloadAssembly (1103ms)
		BeginReloadAssembly (275ms)
			ExecutionOrderSort (0ms)
			DisableScriptedObjects (11ms)
			BackupInstance (0ms)
			ReleaseScriptingObjects (0ms)
			CreateAndSetChildDomain (92ms)
		EndReloadAssembly (752ms)
			LoadAssemblies (126ms)
			RebuildTransferFunctionScriptingTraits (0ms)
			SetupTypeCache (242ms)
			ReleaseScriptCaches (1ms)
			RebuildScriptCaches (29ms)
			SetupLoadedEditorAssemblies (330ms)
				LogAssemblyErrors (0ms)
				InitializePlatformSupportModulesInManaged (15ms)
				SetLoadedEditorAssemblies (0ms)
				RefreshPlugins (1ms)
				BeforeProcessingInitializeOnLoad (63ms)
				ProcessInitializeOnLoadAttributes (212ms)
				ProcessInitializeOnLoadMethodAttributes (34ms)
				AfterProcessingInitializeOnLoad (6ms)
				EditorAssembliesLoaded (0ms)
			ExecutionOrderSort2 (0ms)
			AwakeInstancesAfterBackupRestoration (7ms)
Platform modules already initialized, skipping
Refreshing native plugins compatible for Editor in 5.09 ms, found 15 plugins.
Preloading 0 native plugins for Editor in 0.00 ms.
Unloading 5258 Unused Serialized files (Serialized files now loaded: 0)
Unloading 50 unused Assets / (80.9 KB). Loaded Objects now: 5816.
Memory consumption went from 183.0 MB to 182.9 MB.
Total: 4.826800 ms (FindLiveObjects: 0.275000 ms CreateObjectMapping: 0.178600 ms MarkObjects: 3.885100 ms  DeleteObjects: 0.486700 ms)

AssetImportParameters requested are different than current active one (requested -> active):
  custom:video-decoder-ogg-theora: a1e56fd34408186e4bbccfd4996cb3dc -> 
  custom:container-muxer-webm: aa71ff27fc2769a1b78a27578f13a17b -> 
  custom:container-demuxer-webm: 4f35f7cbe854078d1ac9338744f61a02 -> 
  custom:video-encoder-webm-vp8: eb34c28f22e8b96e1ab97ce403110664 -> 
  custom:video-codec-MediaFoundation-h265: 746d11721c4dcdbdad8f713fa42b33f4 -> 
  custom:audio-encoder-webm-vorbis: bf7c407c2cedff20999df2af8eb42d56 -> 
  custom:framework-win-MediaFoundation: 216162199b28c13a410421893ffa2e32 -> 
  custom:container-demuxer-ogg: 62fdf1f143b41e24485cea50d1cbac27 -> 
  custom:video-decoder-webm-vp8: 9c59270c3fd7afecdb556c50c9e8de78 -> 
  custom:audio-decoder-ogg-vorbis: bf7c407c2cedff20999df2af8eb42d56 -> 
========================================================================
Received Import Request.
  Time since last request: 1082.896345 seconds.
  path: Assets/Scripts/BodyPositionManagement/BodyPositionManager.cs
  artifactKey: Guid(d6c8dd28e28dbc240abc44badf02e32d) Importer(815301076,1909f56bfc062723c751e8b465ee728b)
Start importing Assets/Scripts/BodyPositionManagement/BodyPositionManager.cs using Guid(d6c8dd28e28dbc240abc44badf02e32d) Importer(815301076,1909f56bfc062723c751e8b465ee728b)  -> (artifact id: 'fc9ba0d1be880d0b039e6f31ce9b2a81') in 0.065305 seconds 
========================================================================
Received Prepare
Registering precompiled user dll's ...
Registered in 0.030582 seconds.
Begin MonoManager ReloadAssembly
Symbol file LoadedFromMemory doesn't match image C:\Users\hatla\Documents\HATlab-BodyTracking\BodyTracking-App-HATlab\BodyTracking-App-Hatlab\Library\PackageCache\com.unity.visualscripting@1.8.0\Editor\VisualScripting.Core\Dependencies\DotNetZip\Unity.VisualScripting.IonicZip.dll
Symbol file LoadedFromMemory doesn't match image C:\Users\hatla\Documents\HATlab-BodyTracking\BodyTracking-App-HATlab\BodyTracking-App-Hatlab\Library\PackageCache\com.unity.visualscripting@1.8.0\Editor\VisualScripting.Core\Dependencies\YamlDotNet\Unity.VisualScripting.YamlDotNet.dll
Native extension for UWP target not found
Native extension for WindowsStandalone target not found
Native extension for Android target not found
Native extension for WebGL target not found
Refreshing native plugins compatible for Editor in 1.54 ms, found 15 plugins.
Preloading 0 native plugins for Editor in 0.00 ms.
Mono: successfully reloaded assembly
- Completed reload, in  1.767 seconds
Domain Reload Profiling:
	ReloadAssembly (1768ms)
		BeginReloadAssembly (257ms)
			ExecutionOrderSort (0ms)
			DisableScriptedObjects (10ms)
			BackupInstance (0ms)
			ReleaseScriptingObjects (0ms)
			CreateAndSetChildDomain (53ms)
		EndReloadAssembly (1343ms)
			LoadAssemblies (249ms)
			RebuildTransferFunctionScriptingTraits (0ms)
			SetupTypeCache (454ms)
			ReleaseScriptCaches (2ms)
			RebuildScriptCaches (71ms)
			SetupLoadedEditorAssemblies (466ms)
				LogAssemblyErrors (0ms)
				InitializePlatformSupportModulesInManaged (37ms)
				SetLoadedEditorAssemblies (1ms)
				RefreshPlugins (2ms)
				BeforeProcessingInitializeOnLoad (166ms)
				ProcessInitializeOnLoadAttributes (223ms)
				ProcessInitializeOnLoadMethodAttributes (32ms)
				AfterProcessingInitializeOnLoad (5ms)
				EditorAssembliesLoaded (0ms)
			ExecutionOrderSort2 (0ms)
			AwakeInstancesAfterBackupRestoration (6ms)
Platform modules already initialized, skipping
Refreshing native plugins compatible for Editor in 4.89 ms, found 15 plugins.
Preloading 0 native plugins for Editor in 0.00 ms.
Unloading 5258 Unused Serialized files (Serialized files now loaded: 0)
Unloading 50 unused Assets / (80.8 KB). Loaded Objects now: 5820.
Memory consumption went from 183.0 MB to 183.0 MB.
Total: 3.005100 ms (FindLiveObjects: 0.272900 ms CreateObjectMapping: 0.171500 ms MarkObjects: 2.482500 ms  DeleteObjects: 0.077300 ms)

AssetImportParameters requested are different than current active one (requested -> active):
  custom:video-decoder-ogg-theora: a1e56fd34408186e4bbccfd4996cb3dc -> 
  custom:container-muxer-webm: aa71ff27fc2769a1b78a27578f13a17b -> 
  custom:container-demuxer-webm: 4f35f7cbe854078d1ac9338744f61a02 -> 
  custom:video-encoder-webm-vp8: eb34c28f22e8b96e1ab97ce403110664 -> 
  custom:video-codec-MediaFoundation-h265: 746d11721c4dcdbdad8f713fa42b33f4 -> 
  custom:audio-encoder-webm-vorbis: bf7c407c2cedff20999df2af8eb42d56 -> 
  custom:framework-win-MediaFoundation: 216162199b28c13a410421893ffa2e32 -> 
  custom:container-demuxer-ogg: 62fdf1f143b41e24485cea50d1cbac27 -> 
  custom:video-decoder-webm-vp8: 9c59270c3fd7afecdb556c50c9e8de78 -> 
  custom:audio-decoder-ogg-vorbis: bf7c407c2cedff20999df2af8eb42d56 -> 
========================================================================
Received Import Request.
  Time since last request: 6.914141 seconds.
  path: Assets/Scripts/BodyPositionManagement/BodyPositionManager.cs
  artifactKey: Guid(d6c8dd28e28dbc240abc44badf02e32d) Importer(815301076,1909f56bfc062723c751e8b465ee728b)
Start importing Assets/Scripts/BodyPositionManagement/BodyPositionManager.cs using Guid(d6c8dd28e28dbc240abc44badf02e32d) Importer(815301076,1909f56bfc062723c751e8b465ee728b)  -> (artifact id: '0834f9b5f9b2aed57fd1393f7cf4c899') in 0.009778 seconds 
========================================================================
Received Import Request.
  Time since last request: 38.733745 seconds.
  path: Assets/Scripts/BodyPositionManagement/BodyPositionManager.cs
  artifactKey: Guid(d6c8dd28e28dbc240abc44badf02e32d) Importer(815301076,1909f56bfc062723c751e8b465ee728b)
Start importing Assets/Scripts/BodyPositionManagement/BodyPositionManager.cs using Guid(d6c8dd28e28dbc240abc44badf02e32d) Importer(815301076,1909f56bfc062723c751e8b465ee728b)  -> (artifact id: '422258e47c2def1938d04cd2ae440afc') in 0.007001 seconds 
========================================================================
Received Prepare
Registering precompiled user dll's ...
Registered in 0.025504 seconds.
Begin MonoManager ReloadAssembly
Symbol file LoadedFromMemory doesn't match image C:\Users\hatla\Documents\HATlab-BodyTracking\BodyTracking-App-HATlab\BodyTracking-App-Hatlab\Library\PackageCache\com.unity.visualscripting@1.8.0\Editor\VisualScripting.Core\Dependencies\DotNetZip\Unity.VisualScripting.IonicZip.dll
Symbol file LoadedFromMemory doesn't match image C:\Users\hatla\Documents\HATlab-BodyTracking\BodyTracking-App-HATlab\BodyTracking-App-Hatlab\Library\PackageCache\com.unity.visualscripting@1.8.0\Editor\VisualScripting.Core\Dependencies\YamlDotNet\Unity.VisualScripting.YamlDotNet.dll
Native extension for UWP target not found
Native extension for WindowsStandalone target not found
Native extension for Android target not found
Native extension for WebGL target not found
Refreshing native plugins compatible for Editor in 1.61 ms, found 15 plugins.
Preloading 0 native plugins for Editor in 0.00 ms.
Mono: successfully reloaded assembly
- Completed reload, in  1.863 seconds
Domain Reload Profiling:
	ReloadAssembly (1864ms)
		BeginReloadAssembly (247ms)
			ExecutionOrderSort (0ms)
			DisableScriptedObjects (8ms)
			BackupInstance (0ms)
			ReleaseScriptingObjects (0ms)
			CreateAndSetChildDomain (57ms)
		EndReloadAssembly (1466ms)
			LoadAssemblies (237ms)
			RebuildTransferFunctionScriptingTraits (0ms)
			SetupTypeCache (449ms)
			ReleaseScriptCaches (2ms)
			RebuildScriptCaches (76ms)
			SetupLoadedEditorAssemblies (598ms)
				LogAssemblyErrors (0ms)
				InitializePlatformSupportModulesInManaged (34ms)
				SetLoadedEditorAssemblies (1ms)
				RefreshPlugins (2ms)
				BeforeProcessingInitializeOnLoad (155ms)
				ProcessInitializeOnLoadAttributes (367ms)
				ProcessInitializeOnLoadMethodAttributes (34ms)
				AfterProcessingInitializeOnLoad (5ms)
				EditorAssembliesLoaded (0ms)
			ExecutionOrderSort2 (0ms)
			AwakeInstancesAfterBackupRestoration (8ms)
Platform modules already initialized, skipping
Refreshing native plugins compatible for Editor in 5.55 ms, found 15 plugins.
Preloading 0 native plugins for Editor in 0.00 ms.
Unloading 5258 Unused Serialized files (Serialized files now loaded: 0)
Unloading 50 unused Assets / (80.9 KB). Loaded Objects now: 5824.
Memory consumption went from 183.0 MB to 183.0 MB.
Total: 2.947400 ms (FindLiveObjects: 0.264200 ms CreateObjectMapping: 0.159300 ms MarkObjects: 2.220200 ms  DeleteObjects: 0.303000 ms)

AssetImportParameters requested are different than current active one (requested -> active):
  custom:video-decoder-ogg-theora: a1e56fd34408186e4bbccfd4996cb3dc -> 
  custom:container-muxer-webm: aa71ff27fc2769a1b78a27578f13a17b -> 
  custom:container-demuxer-webm: 4f35f7cbe854078d1ac9338744f61a02 -> 
  custom:video-encoder-webm-vp8: eb34c28f22e8b96e1ab97ce403110664 -> 
  custom:video-codec-MediaFoundation-h265: 746d11721c4dcdbdad8f713fa42b33f4 -> 
  custom:audio-encoder-webm-vorbis: bf7c407c2cedff20999df2af8eb42d56 -> 
  custom:framework-win-MediaFoundation: 216162199b28c13a410421893ffa2e32 -> 
  custom:container-demuxer-ogg: 62fdf1f143b41e24485cea50d1cbac27 -> 
  custom:video-decoder-webm-vp8: 9c59270c3fd7afecdb556c50c9e8de78 -> 
  custom:audio-decoder-ogg-vorbis: bf7c407c2cedff20999df2af8eb42d56 -> 
========================================================================
Received Prepare
Registering precompiled user dll's ...
Registered in 0.014484 seconds.
Begin MonoManager ReloadAssembly
Symbol file LoadedFromMemory doesn't match image C:\Users\hatla\Documents\HATlab-BodyTracking\BodyTracking-App-HATlab\BodyTracking-App-Hatlab\Library\PackageCache\com.unity.visualscripting@1.8.0\Editor\VisualScripting.Core\Dependencies\DotNetZip\Unity.VisualScripting.IonicZip.dll
Symbol file LoadedFromMemory doesn't match image C:\Users\hatla\Documents\HATlab-BodyTracking\BodyTracking-App-HATlab\BodyTracking-App-Hatlab\Library\PackageCache\com.unity.visualscripting@1.8.0\Editor\VisualScripting.Core\Dependencies\YamlDotNet\Unity.VisualScripting.YamlDotNet.dll
Native extension for UWP target not found
Native extension for WindowsStandalone target not found
Native extension for Android target not found
Native extension for WebGL target not found
Refreshing native plugins compatible for Editor in 1.64 ms, found 15 plugins.
Preloading 0 native plugins for Editor in 0.00 ms.
Mono: successfully reloaded assembly
- Completed reload, in  1.734 seconds
Domain Reload Profiling:
	ReloadAssembly (1734ms)
		BeginReloadAssembly (239ms)
			ExecutionOrderSort (0ms)
			DisableScriptedObjects (7ms)
			BackupInstance (0ms)
			ReleaseScriptingObjects (0ms)
			CreateAndSetChildDomain (55ms)
		EndReloadAssembly (1309ms)
			LoadAssemblies (220ms)
			RebuildTransferFunctionScriptingTraits (0ms)
			SetupTypeCache (435ms)
			ReleaseScriptCaches (2ms)
			RebuildScriptCaches (73ms)
			SetupLoadedEditorAssemblies (475ms)
				LogAssemblyErrors (0ms)
				InitializePlatformSupportModulesInManaged (33ms)
				SetLoadedEditorAssemblies (1ms)
				RefreshPlugins (2ms)
				BeforeProcessingInitializeOnLoad (155ms)
				ProcessInitializeOnLoadAttributes (246ms)
				ProcessInitializeOnLoadMethodAttributes (33ms)
				AfterProcessingInitializeOnLoad (5ms)
				EditorAssembliesLoaded (0ms)
			ExecutionOrderSort2 (0ms)
			AwakeInstancesAfterBackupRestoration (6ms)
Platform modules already initialized, skipping
Refreshing native plugins compatible for Editor in 4.67 ms, found 15 plugins.
Preloading 0 native plugins for Editor in 0.00 ms.
Unloading 5258 Unused Serialized files (Serialized files now loaded: 0)
Unloading 50 unused Assets / (80.9 KB). Loaded Objects now: 5828.
Memory consumption went from 183.1 MB to 183.0 MB.
Total: 3.054000 ms (FindLiveObjects: 0.261900 ms CreateObjectMapping: 0.172900 ms MarkObjects: 2.545300 ms  DeleteObjects: 0.073200 ms)

AssetImportParameters requested are different than current active one (requested -> active):
  custom:video-decoder-ogg-theora: a1e56fd34408186e4bbccfd4996cb3dc -> 
  custom:container-muxer-webm: aa71ff27fc2769a1b78a27578f13a17b -> 
  custom:container-demuxer-webm: 4f35f7cbe854078d1ac9338744f61a02 -> 
  custom:video-encoder-webm-vp8: eb34c28f22e8b96e1ab97ce403110664 -> 
  custom:video-codec-MediaFoundation-h265: 746d11721c4dcdbdad8f713fa42b33f4 -> 
  custom:audio-encoder-webm-vorbis: bf7c407c2cedff20999df2af8eb42d56 -> 
  custom:framework-win-MediaFoundation: 216162199b28c13a410421893ffa2e32 -> 
  custom:container-demuxer-ogg: 62fdf1f143b41e24485cea50d1cbac27 -> 
  custom:video-decoder-webm-vp8: 9c59270c3fd7afecdb556c50c9e8de78 -> 
  custom:audio-decoder-ogg-vorbis: bf7c407c2cedff20999df2af8eb42d56 -> 
========================================================================
Received Import Request.
  Time since last request: 368.271338 seconds.
  path: Assets/Scripts/BodyPositionManagement/BodyPositionManager.cs
  artifactKey: Guid(d6c8dd28e28dbc240abc44badf02e32d) Importer(815301076,1909f56bfc062723c751e8b465ee728b)
Start importing Assets/Scripts/BodyPositionManagement/BodyPositionManager.cs using Guid(d6c8dd28e28dbc240abc44badf02e32d) Importer(815301076,1909f56bfc062723c751e8b465ee728b)  -> (artifact id: '4abda85d88c61041b494224abe2850c5') in 0.015179 seconds 
========================================================================
Received Prepare
Registering precompiled user dll's ...
Registered in 0.027663 seconds.
Begin MonoManager ReloadAssembly
Symbol file LoadedFromMemory doesn't match image C:\Users\hatla\Documents\HATlab-BodyTracking\BodyTracking-App-HATlab\BodyTracking-App-Hatlab\Library\PackageCache\com.unity.visualscripting@1.8.0\Editor\VisualScripting.Core\Dependencies\DotNetZip\Unity.VisualScripting.IonicZip.dll
Symbol file LoadedFromMemory doesn't match image C:\Users\hatla\Documents\HATlab-BodyTracking\BodyTracking-App-HATlab\BodyTracking-App-Hatlab\Library\PackageCache\com.unity.visualscripting@1.8.0\Editor\VisualScripting.Core\Dependencies\YamlDotNet\Unity.VisualScripting.YamlDotNet.dll
Native extension for UWP target not found
Native extension for WindowsStandalone target not found
Native extension for Android target not found
Native extension for WebGL target not found
Refreshing native plugins compatible for Editor in 1.63 ms, found 15 plugins.
Preloading 0 native plugins for Editor in 0.00 ms.
Mono: successfully reloaded assembly
- Completed reload, in  1.863 seconds
Domain Reload Profiling:
	ReloadAssembly (1864ms)
		BeginReloadAssembly (226ms)
			ExecutionOrderSort (0ms)
			DisableScriptedObjects (7ms)
			BackupInstance (0ms)
			ReleaseScriptingObjects (0ms)
			CreateAndSetChildDomain (53ms)
		EndReloadAssembly (1484ms)
			LoadAssemblies (220ms)
			RebuildTransferFunctionScriptingTraits (0ms)
			SetupTypeCache (429ms)
			ReleaseScriptCaches (2ms)
			RebuildScriptCaches (79ms)
			SetupLoadedEditorAssemblies (631ms)
				LogAssemblyErrors (0ms)
				InitializePlatformSupportModulesInManaged (35ms)
				SetLoadedEditorAssemblies (1ms)
				RefreshPlugins (2ms)
				BeforeProcessingInitializeOnLoad (156ms)
				ProcessInitializeOnLoadAttributes (399ms)
				ProcessInitializeOnLoadMethodAttributes (35ms)
				AfterProcessingInitializeOnLoad (5ms)
				EditorAssembliesLoaded (0ms)
			ExecutionOrderSort2 (0ms)
			AwakeInstancesAfterBackupRestoration (7ms)
Platform modules already initialized, skipping
Refreshing native plugins compatible for Editor in 4.57 ms, found 15 plugins.
Preloading 0 native plugins for Editor in 0.00 ms.
Unloading 5258 Unused Serialized files (Serialized files now loaded: 0)
Unloading 50 unused Assets / (80.8 KB). Loaded Objects now: 5832.
Memory consumption went from 183.1 MB to 183.0 MB.
Total: 3.341900 ms (FindLiveObjects: 0.308800 ms CreateObjectMapping: 0.168700 ms MarkObjects: 2.772100 ms  DeleteObjects: 0.091300 ms)

AssetImportParameters requested are different than current active one (requested -> active):
  custom:video-decoder-ogg-theora: a1e56fd34408186e4bbccfd4996cb3dc -> 
  custom:container-muxer-webm: aa71ff27fc2769a1b78a27578f13a17b -> 
  custom:container-demuxer-webm: 4f35f7cbe854078d1ac9338744f61a02 -> 
  custom:video-encoder-webm-vp8: eb34c28f22e8b96e1ab97ce403110664 -> 
  custom:video-codec-MediaFoundation-h265: 746d11721c4dcdbdad8f713fa42b33f4 -> 
  custom:audio-encoder-webm-vorbis: bf7c407c2cedff20999df2af8eb42d56 -> 
  custom:framework-win-MediaFoundation: 216162199b28c13a410421893ffa2e32 -> 
  custom:container-demuxer-ogg: 62fdf1f143b41e24485cea50d1cbac27 -> 
  custom:video-decoder-webm-vp8: 9c59270c3fd7afecdb556c50c9e8de78 -> 
  custom:audio-decoder-ogg-vorbis: bf7c407c2cedff20999df2af8eb42d56 -> 
========================================================================
Received Import Request.
  Time since last request: 6.905163 seconds.
  path: Assets/Scripts/BodyPositionManagement/BodyPositionManager.cs
  artifactKey: Guid(d6c8dd28e28dbc240abc44badf02e32d) Importer(815301076,1909f56bfc062723c751e8b465ee728b)
Start importing Assets/Scripts/BodyPositionManagement/BodyPositionManager.cs using Guid(d6c8dd28e28dbc240abc44badf02e32d) Importer(815301076,1909f56bfc062723c751e8b465ee728b)  -> (artifact id: '2bed4e994e0c5d0f9034230b0f455366') in 0.009189 seconds 
========================================================================
Received Import Request.
  Time since last request: 2529.030137 seconds.
  path: Assets/Scripts/TCP/TCPClient.cs
  artifactKey: Guid(b7316a27277ad324f8945879a2f18bd6) Importer(815301076,1909f56bfc062723c751e8b465ee728b)
Start importing Assets/Scripts/TCP/TCPClient.cs using Guid(b7316a27277ad324f8945879a2f18bd6) Importer(815301076,1909f56bfc062723c751e8b465ee728b)  -> (artifact id: '453a958c898d44d583a6463534ad76fa') in 0.017199 seconds 
========================================================================
Received Import Request.
  Time since last request: 114.568350 seconds.
  path: Assets/Scripts/CameraStream/CameraImageFrameStream.cs
  artifactKey: Guid(2e93338d1c265d14ba434f2276f72ed2) Importer(815301076,1909f56bfc062723c751e8b465ee728b)
Start importing Assets/Scripts/CameraStream/CameraImageFrameStream.cs using Guid(2e93338d1c265d14ba434f2276f72ed2) Importer(815301076,1909f56bfc062723c751e8b465ee728b)  -> (artifact id: '284ec01d93f40800eda5359bf9bde340') in 0.016834 seconds 
========================================================================
Received Prepare
Registering precompiled user dll's ...
Registered in 0.014133 seconds.
Begin MonoManager ReloadAssembly
Symbol file LoadedFromMemory doesn't match image C:\Users\hatla\Documents\HATlab-BodyTracking\BodyTracking-App-HATlab\BodyTracking-App-Hatlab\Library\PackageCache\com.unity.visualscripting@1.8.0\Editor\VisualScripting.Core\Dependencies\DotNetZip\Unity.VisualScripting.IonicZip.dll
Symbol file LoadedFromMemory doesn't match image C:\Users\hatla\Documents\HATlab-BodyTracking\BodyTracking-App-HATlab\BodyTracking-App-Hatlab\Library\PackageCache\com.unity.visualscripting@1.8.0\Editor\VisualScripting.Core\Dependencies\YamlDotNet\Unity.VisualScripting.YamlDotNet.dll
Native extension for UWP target not found
Native extension for WindowsStandalone target not found
Native extension for Android target not found
Native extension for WebGL target not found
Refreshing native plugins compatible for Editor in 0.82 ms, found 15 plugins.
Preloading 0 native plugins for Editor in 0.00 ms.
Mono: successfully reloaded assembly
- Completed reload, in  0.977 seconds
Domain Reload Profiling:
	ReloadAssembly (977ms)
		BeginReloadAssembly (135ms)
			ExecutionOrderSort (0ms)
			DisableScriptedObjects (4ms)
			BackupInstance (0ms)
			ReleaseScriptingObjects (0ms)
			CreateAndSetChildDomain (40ms)
		EndReloadAssembly (760ms)
			LoadAssemblies (101ms)
			RebuildTransferFunctionScriptingTraits (0ms)
			SetupTypeCache (244ms)
			ReleaseScriptCaches (1ms)
			RebuildScriptCaches (29ms)
			SetupLoadedEditorAssemblies (331ms)
				LogAssemblyErrors (0ms)
				InitializePlatformSupportModulesInManaged (14ms)
				SetLoadedEditorAssemblies (0ms)
				RefreshPlugins (1ms)
				BeforeProcessingInitializeOnLoad (64ms)
				ProcessInitializeOnLoadAttributes (213ms)
				ProcessInitializeOnLoadMethodAttributes (32ms)
				AfterProcessingInitializeOnLoad (6ms)
				EditorAssembliesLoaded (0ms)
			ExecutionOrderSort2 (0ms)
			AwakeInstancesAfterBackupRestoration (7ms)
Platform modules already initialized, skipping
Refreshing native plugins compatible for Editor in 4.58 ms, found 15 plugins.
Preloading 0 native plugins for Editor in 0.00 ms.
Unloading 5258 Unused Serialized files (Serialized files now loaded: 0)
Unloading 50 unused Assets / (80.9 KB). Loaded Objects now: 5836.
Memory consumption went from 183.1 MB to 183.0 MB.
Total: 3.031900 ms (FindLiveObjects: 0.270300 ms CreateObjectMapping: 0.160600 ms MarkObjects: 2.508700 ms  DeleteObjects: 0.091000 ms)

AssetImportParameters requested are different than current active one (requested -> active):
  custom:video-decoder-ogg-theora: a1e56fd34408186e4bbccfd4996cb3dc -> 
  custom:container-muxer-webm: aa71ff27fc2769a1b78a27578f13a17b -> 
  custom:container-demuxer-webm: 4f35f7cbe854078d1ac9338744f61a02 -> 
  custom:video-encoder-webm-vp8: eb34c28f22e8b96e1ab97ce403110664 -> 
  custom:video-codec-MediaFoundation-h265: 746d11721c4dcdbdad8f713fa42b33f4 -> 
  custom:audio-encoder-webm-vorbis: bf7c407c2cedff20999df2af8eb42d56 -> 
  custom:framework-win-MediaFoundation: 216162199b28c13a410421893ffa2e32 -> 
  custom:container-demuxer-ogg: 62fdf1f143b41e24485cea50d1cbac27 -> 
  custom:video-decoder-webm-vp8: 9c59270c3fd7afecdb556c50c9e8de78 -> 
  custom:audio-decoder-ogg-vorbis: bf7c407c2cedff20999df2af8eb42d56 -> 
========================================================================
Received Import Request.
  Time since last request: 666.757395 seconds.
  path: Assets/Scripts/CameraStream/CameraImageFrameStream.cs
  artifactKey: Guid(2e93338d1c265d14ba434f2276f72ed2) Importer(815301076,1909f56bfc062723c751e8b465ee728b)
Start importing Assets/Scripts/CameraStream/CameraImageFrameStream.cs using Guid(2e93338d1c265d14ba434f2276f72ed2) Importer(815301076,1909f56bfc062723c751e8b465ee728b)  -> (artifact id: '5bcb29f7f770fdb720c8cc8c9797ad4f') in 0.019989 seconds 
========================================================================
Received Prepare
Registering precompiled user dll's ...
Registered in 0.012273 seconds.
Begin MonoManager ReloadAssembly
Symbol file LoadedFromMemory doesn't match image C:\Users\hatla\Documents\HATlab-BodyTracking\BodyTracking-App-HATlab\BodyTracking-App-Hatlab\Library\PackageCache\com.unity.visualscripting@1.8.0\Editor\VisualScripting.Core\Dependencies\DotNetZip\Unity.VisualScripting.IonicZip.dll
Symbol file LoadedFromMemory doesn't match image C:\Users\hatla\Documents\HATlab-BodyTracking\BodyTracking-App-HATlab\BodyTracking-App-Hatlab\Library\PackageCache\com.unity.visualscripting@1.8.0\Editor\VisualScripting.Core\Dependencies\YamlDotNet\Unity.VisualScripting.YamlDotNet.dll
Native extension for UWP target not found
Native extension for WindowsStandalone target not found
Native extension for Android target not found
Native extension for WebGL target not found
Refreshing native plugins compatible for Editor in 0.93 ms, found 15 plugins.
Preloading 0 native plugins for Editor in 0.00 ms.
Mono: successfully reloaded assembly
- Completed reload, in  1.100 seconds
Domain Reload Profiling:
	ReloadAssembly (1101ms)
		BeginReloadAssembly (142ms)
			ExecutionOrderSort (0ms)
			DisableScriptedObjects (5ms)
			BackupInstance (0ms)
			ReleaseScriptingObjects (0ms)
			CreateAndSetChildDomain (37ms)
		EndReloadAssembly (877ms)
			LoadAssemblies (104ms)
			RebuildTransferFunctionScriptingTraits (0ms)
			SetupTypeCache (268ms)
			ReleaseScriptCaches (1ms)
			RebuildScriptCaches (36ms)
			SetupLoadedEditorAssemblies (396ms)
				LogAssemblyErrors (0ms)
				InitializePlatformSupportModulesInManaged (17ms)
				SetLoadedEditorAssemblies (0ms)
				RefreshPlugins (1ms)
				BeforeProcessingInitializeOnLoad (72ms)
				ProcessInitializeOnLoadAttributes (251ms)
				ProcessInitializeOnLoadMethodAttributes (47ms)
				AfterProcessingInitializeOnLoad (7ms)
				EditorAssembliesLoaded (0ms)
			ExecutionOrderSort2 (0ms)
			AwakeInstancesAfterBackupRestoration (10ms)
Platform modules already initialized, skipping
Refreshing native plugins compatible for Editor in 5.17 ms, found 15 plugins.
Preloading 0 native plugins for Editor in 0.00 ms.
Unloading 5258 Unused Serialized files (Serialized files now loaded: 0)
Unloading 50 unused Assets / (80.9 KB). Loaded Objects now: 5840.
Memory consumption went from 183.1 MB to 183.0 MB.
Total: 3.108400 ms (FindLiveObjects: 0.288700 ms CreateObjectMapping: 0.175900 ms MarkObjects: 2.537100 ms  DeleteObjects: 0.105800 ms)

AssetImportParameters requested are different than current active one (requested -> active):
  custom:video-decoder-ogg-theora: a1e56fd34408186e4bbccfd4996cb3dc -> 
  custom:container-muxer-webm: aa71ff27fc2769a1b78a27578f13a17b -> 
  custom:container-demuxer-webm: 4f35f7cbe854078d1ac9338744f61a02 -> 
  custom:video-encoder-webm-vp8: eb34c28f22e8b96e1ab97ce403110664 -> 
  custom:video-codec-MediaFoundation-h265: 746d11721c4dcdbdad8f713fa42b33f4 -> 
  custom:audio-encoder-webm-vorbis: bf7c407c2cedff20999df2af8eb42d56 -> 
  custom:framework-win-MediaFoundation: 216162199b28c13a410421893ffa2e32 -> 
  custom:container-demuxer-ogg: 62fdf1f143b41e24485cea50d1cbac27 -> 
  custom:video-decoder-webm-vp8: 9c59270c3fd7afecdb556c50c9e8de78 -> 
  custom:audio-decoder-ogg-vorbis: bf7c407c2cedff20999df2af8eb42d56 -> 
========================================================================
Received Import Request.
  Time since last request: 158.076316 seconds.
  path: Assets/Scripts/CameraStream/CameraImageFrameStream.cs
  artifactKey: Guid(2e93338d1c265d14ba434f2276f72ed2) Importer(815301076,1909f56bfc062723c751e8b465ee728b)
Start importing Assets/Scripts/CameraStream/CameraImageFrameStream.cs using Guid(2e93338d1c265d14ba434f2276f72ed2) Importer(815301076,1909f56bfc062723c751e8b465ee728b)  -> (artifact id: 'ceb9e7aa3af0d8616ed4d880979a3458') in 0.011095 seconds 
========================================================================
Received Prepare
Registering precompiled user dll's ...
Registered in 0.011968 seconds.
Begin MonoManager ReloadAssembly
Symbol file LoadedFromMemory doesn't match image C:\Users\hatla\Documents\HATlab-BodyTracking\BodyTracking-App-HATlab\BodyTracking-App-Hatlab\Library\PackageCache\com.unity.visualscripting@1.8.0\Editor\VisualScripting.Core\Dependencies\DotNetZip\Unity.VisualScripting.IonicZip.dll
Symbol file LoadedFromMemory doesn't match image C:\Users\hatla\Documents\HATlab-BodyTracking\BodyTracking-App-HATlab\BodyTracking-App-Hatlab\Library\PackageCache\com.unity.visualscripting@1.8.0\Editor\VisualScripting.Core\Dependencies\YamlDotNet\Unity.VisualScripting.YamlDotNet.dll
Native extension for UWP target not found
Native extension for WindowsStandalone target not found
Native extension for Android target not found
Native extension for WebGL target not found
Refreshing native plugins compatible for Editor in 1.58 ms, found 15 plugins.
Preloading 0 native plugins for Editor in 0.00 ms.
Mono: successfully reloaded assembly
- Completed reload, in  1.077 seconds
Domain Reload Profiling:
	ReloadAssembly (1078ms)
		BeginReloadAssembly (129ms)
			ExecutionOrderSort (0ms)
			DisableScriptedObjects (3ms)
			BackupInstance (0ms)
			ReleaseScriptingObjects (0ms)
			CreateAndSetChildDomain (32ms)
		EndReloadAssembly (856ms)
			LoadAssemblies (100ms)
			RebuildTransferFunctionScriptingTraits (0ms)
			SetupTypeCache (280ms)
			ReleaseScriptCaches (1ms)
			RebuildScriptCaches (33ms)
			SetupLoadedEditorAssemblies (375ms)
				LogAssemblyErrors (0ms)
				InitializePlatformSupportModulesInManaged (17ms)
				SetLoadedEditorAssemblies (0ms)
				RefreshPlugins (2ms)
				BeforeProcessingInitializeOnLoad (70ms)
				ProcessInitializeOnLoadAttributes (243ms)
				ProcessInitializeOnLoadMethodAttributes (38ms)
				AfterProcessingInitializeOnLoad (5ms)
				EditorAssembliesLoaded (0ms)
			ExecutionOrderSort2 (0ms)
			AwakeInstancesAfterBackupRestoration (7ms)
Platform modules already initialized, skipping
Refreshing native plugins compatible for Editor in 5.09 ms, found 15 plugins.
Preloading 0 native plugins for Editor in 0.00 ms.
Unloading 5258 Unused Serialized files (Serialized files now loaded: 0)
Unloading 50 unused Assets / (80.8 KB). Loaded Objects now: 5844.
Memory consumption went from 183.1 MB to 183.0 MB.
Total: 3.615600 ms (FindLiveObjects: 0.309600 ms CreateObjectMapping: 0.168900 ms MarkObjects: 3.016200 ms  DeleteObjects: 0.119700 ms)

AssetImportParameters requested are different than current active one (requested -> active):
  custom:video-decoder-ogg-theora: a1e56fd34408186e4bbccfd4996cb3dc -> 
  custom:container-muxer-webm: aa71ff27fc2769a1b78a27578f13a17b -> 
  custom:container-demuxer-webm: 4f35f7cbe854078d1ac9338744f61a02 -> 
  custom:video-encoder-webm-vp8: eb34c28f22e8b96e1ab97ce403110664 -> 
  custom:video-codec-MediaFoundation-h265: 746d11721c4dcdbdad8f713fa42b33f4 -> 
  custom:audio-encoder-webm-vorbis: bf7c407c2cedff20999df2af8eb42d56 -> 
  custom:framework-win-MediaFoundation: 216162199b28c13a410421893ffa2e32 -> 
  custom:container-demuxer-ogg: 62fdf1f143b41e24485cea50d1cbac27 -> 
  custom:video-decoder-webm-vp8: 9c59270c3fd7afecdb556c50c9e8de78 -> 
  custom:audio-decoder-ogg-vorbis: bf7c407c2cedff20999df2af8eb42d56 -> 
========================================================================
Received Import Request.
  Time since last request: 5.630024 seconds.
  path: Assets/Scripts/CameraStream/CameraImageFrameStream.cs
  artifactKey: Guid(2e93338d1c265d14ba434f2276f72ed2) Importer(815301076,1909f56bfc062723c751e8b465ee728b)
Start importing Assets/Scripts/CameraStream/CameraImageFrameStream.cs using Guid(2e93338d1c265d14ba434f2276f72ed2) Importer(815301076,1909f56bfc062723c751e8b465ee728b)  -> (artifact id: 'add70f910acf806227a1bcd059c8bcf8') in 0.008485 seconds 
